# JRE version: OpenJDK Runtime Environment (8.0_152-b02) (build 1.8.0_152-release-1024-b02)
# Java VM: OpenJDK 64-Bit Server VM (25.152-b02 mixed mode windows-amd64 compressed oops)
Heap:
 PSYoungGen      total 313856K, used 201993K [0x00000000e0000000, 0x00000000f9100000, 0x0000000100000000)
  eden space 245760K, 79% used [0x00000000e0000000,0x00000000ebf0f0c0,0x00000000ef000000)
  from space 68096K, 9% used [0x00000000ef000000,0x00000000ef633440,0x00000000f3280000)
  to   space 67584K, 0% used [0x00000000f4f00000,0x00000000f4f00000,0x00000000f9100000)
 ParOldGen       total 222208K, used 52175K [0x00000000a0000000, 0x00000000ad900000, 0x00000000e0000000)
  object space 222208K, 23% used [0x00000000a0000000,0x00000000a32f3e78,0x00000000ad900000)
 Metaspace       used 80560K, capacity 84132K, committed 84608K, reserved 1122304K
  class space    used 10161K, capacity 10979K, committed 11136K, reserved 1048576K
GC Heap History (10 events):
Event: 4140.260 GC heap before
{Heap before GC invocations=29 (full 3):
 PSYoungGen      total 280576K, used 280570K [0x00000000e0000000, 0x00000000f7c00000, 0x0000000100000000)
  eden space 222208K, 100% used [0x00000000e0000000,0x00000000ed900000,0x00000000ed900000)
  from space 58368K, 99% used [0x00000000ed900000,0x00000000f11fe9f8,0x00000000f1200000)
  to   space 73216K, 0% used [0x00000000f3480000,0x00000000f3480000,0x00000000f7c00000)
 ParOldGen       total 155136K, used 133661K [0x00000000a0000000, 0x00000000a9780000, 0x00000000e0000000)
  object space 155136K, 86% used [0x00000000a0000000,0x00000000a82876d8,0x00000000a9780000)
 Metaspace       used 80182K, capacity 83744K, committed 83968K, reserved 1122304K
  class space    used 10183K, capacity 10981K, committed 11008K, reserved 1048576K
Event: 4140.396 GC heap after
Heap after GC invocations=29 (full 3):
 PSYoungGen      total 252416K, used 27095K [0x00000000e0000000, 0x00000000f5900000, 0x0000000100000000)
  eden space 215040K, 0% used [0x00000000e0000000,0x00000000e0000000,0x00000000ed200000)
  from space 37376K, 72% used [0x00000000f3480000,0x00000000f4ef5d90,0x00000000f5900000)
  to   space 69120K, 0% used [0x00000000ed200000,0x00000000ed200000,0x00000000f1580000)
 ParOldGen       total 157184K, used 156986K [0x00000000a0000000, 0x00000000a9980000, 0x00000000e0000000)
  object space 157184K, 99% used [0x00000000a0000000,0x00000000a994eba0,0x00000000a9980000)
 Metaspace       used 80182K, capacity 83744K, committed 83968K, reserved 1122304K
  class space    used 10183K, capacity 10981K, committed 11008K, reserved 1048576K
}
Event: 4140.396 GC heap before
{Heap before GC invocations=30 (full 4):
 PSYoungGen      total 252416K, used 27095K [0x00000000e0000000, 0x00000000f5900000, 0x0000000100000000)
  eden space 215040K, 0% used [0x00000000e0000000,0x00000000e0000000,0x00000000ed200000)
  from space 37376K, 72% used [0x00000000f3480000,0x00000000f4ef5d90,0x00000000f5900000)
  to   space 69120K, 0% used [0x00000000ed200000,0x00000000ed200000,0x00000000f1580000)
 ParOldGen       total 157184K, used 156986K [0x00000000a0000000, 0x00000000a9980000, 0x00000000e0000000)
  object space 157184K, 99% used [0x00000000a0000000,0x00000000a994eba0,0x00000000a9980000)
 Metaspace       used 80182K, capacity 83744K, committed 83968K, reserved 1122304K
  class space    used 10183K, capacity 10981K, committed 11008K, reserved 1048576K
Event: 4140.595 GC heap after
Heap after GC invocations=30 (full 4):
 PSYoungGen      total 252416K, used 0K [0x00000000e0000000, 0x00000000f5900000, 0x0000000100000000)
  eden space 215040K, 0% used [0x00000000e0000000,0x00000000e0000000,0x00000000ed200000)
  from space 37376K, 0% used [0x00000000f3480000,0x00000000f3480000,0x00000000f5900000)
  to   space 69120K, 0% used [0x00000000ed200000,0x00000000ed200000,0x00000000f1580000)
 ParOldGen       total 222208K, used 52151K [0x00000000a0000000, 0x00000000ad900000, 0x00000000e0000000)
  object space 222208K, 23% used [0x00000000a0000000,0x00000000a32ede78,0x00000000ad900000)
 Metaspace       used 79784K, capacity 83058K, committed 83968K, reserved 1122304K
  class space    used 10111K, capacity 10848K, committed 11008K, reserved 1048576K
}
Event: 4145.043 GC heap before
{Heap before GC invocations=31 (full 4):
 PSYoungGen      total 252416K, used 215040K [0x00000000e0000000, 0x00000000f5900000, 0x0000000100000000)
  eden space 215040K, 100% used [0x00000000e0000000,0x00000000ed200000,0x00000000ed200000)
  from space 37376K, 0% used [0x00000000f3480000,0x00000000f3480000,0x00000000f5900000)
  to   space 69120K, 0% used [0x00000000ed200000,0x00000000ed200000,0x00000000f1580000)
 ParOldGen       total 222208K, used 52151K [0x00000000a0000000, 0x00000000ad900000, 0x00000000e0000000)
  object space 222208K, 23% used [0x00000000a0000000,0x00000000a32ede78,0x00000000ad900000)
 Metaspace       used 79967K, capacity 83322K, committed 84224K, reserved 1122304K
  class space    used 10111K, capacity 10848K, committed 11008K, reserved 1048576K
Event: 4145.116 GC heap after
Heap after GC invocations=31 (full 4):
 PSYoungGen      total 284160K, used 38041K [0x00000000e0000000, 0x00000000f7a00000, 0x0000000100000000)
  eden space 215040K, 0% used [0x00000000e0000000,0x00000000e0000000,0x00000000ed200000)
  from space 69120K, 55% used [0x00000000ed200000,0x00000000ef7265e0,0x00000000f1580000)
  to   space 68608K, 0% used [0x00000000f3700000,0x00000000f3700000,0x00000000f7a00000)
 ParOldGen       total 222208K, used 52159K [0x00000000a0000000, 0x00000000ad900000, 0x00000000e0000000)
  object space 222208K, 23% used [0x00000000a0000000,0x00000000a32efe78,0x00000000ad900000)
 Metaspace       used 79967K, capacity 83322K, committed 84224K, reserved 1122304K
  class space    used 10111K, capacity 10848K, committed 11008K, reserved 1048576K
}
Event: 4220.200 GC heap before
{Heap before GC invocations=32 (full 4):
 PSYoungGen      total 284160K, used 253081K [0x00000000e0000000, 0x00000000f7a00000, 0x0000000100000000)
  eden space 215040K, 100% used [0x00000000e0000000,0x00000000ed200000,0x00000000ed200000)
  from space 69120K, 55% used [0x00000000ed200000,0x00000000ef7265e0,0x00000000f1580000)
  to   space 68608K, 0% used [0x00000000f3700000,0x00000000f3700000,0x00000000f7a00000)
 ParOldGen       total 222208K, used 52159K [0x00000000a0000000, 0x00000000ad900000, 0x00000000e0000000)
  object space 222208K, 23% used [0x00000000a0000000,0x00000000a32efe78,0x00000000ad900000)
 Metaspace       used 80071K, capacity 83542K, committed 84352K, reserved 1122304K
  class space    used 10126K, capacity 10894K, committed 11136K, reserved 1048576K
Event: 4220.211 GC heap after
Heap after GC invocations=32 (full 4):
 PSYoungGen      total 309248K, used 10456K [0x00000000e0000000, 0x00000000f7500000, 0x0000000100000000)
  eden space 245760K, 0% used [0x00000000e0000000,0x00000000e0000000,0x00000000ef000000)
  from space 63488K, 16% used [0x00000000f3700000,0x00000000f41360b0,0x00000000f7500000)
  to   space 68096K, 0% used [0x00000000ef000000,0x00000000ef000000,0x00000000f3280000)
 ParOldGen       total 222208K, used 52167K [0x00000000a0000000, 0x00000000ad900000, 0x00000000e0000000)
  object space 222208K, 23% used [0x00000000a0000000,0x00000000a32f1e78,0x00000000ad900000)
 Metaspace       used 80071K, capacity 83542K, committed 84352K, reserved 1122304K
  class space    used 10126K, capacity 10894K, committed 11136K, reserved 1048576K
}
Event: 4304.570 GC heap before
{Heap before GC invocations=33 (full 4):
 PSYoungGen      total 309248K, used 256216K [0x00000000e0000000, 0x00000000f7500000, 0x0000000100000000)
  eden space 245760K, 100% used [0x00000000e0000000,0x00000000ef000000,0x00000000ef000000)
  from space 63488K, 16% used [0x00000000f3700000,0x00000000f41360b0,0x00000000f7500000)
  to   space 68096K, 0% used [0x00000000ef000000,0x00000000ef000000,0x00000000f3280000)
 ParOldGen       total 222208K, used 52167K [0x00000000a0000000, 0x00000000ad900000, 0x00000000e0000000)
  object space 222208K, 23% used [0x00000000a0000000,0x00000000a32f1e78,0x00000000ad900000)
 Metaspace       used 80398K, capacity 84006K, committed 84608K, reserved 1122304K
  class space    used 10156K, capacity 10970K, committed 11136K, reserved 1048576K
Event: 4304.580 GC heap after
Heap after GC invocations=33 (full 4):
 PSYoungGen      total 313856K, used 6349K [0x00000000e0000000, 0x00000000f9100000, 0x0000000100000000)
  eden space 245760K, 0% used [0x00000000e0000000,0x00000000e0000000,0x00000000ef000000)
  from space 68096K, 9% used [0x00000000ef000000,0x00000000ef633440,0x00000000f3280000)
  to   space 67584K, 0% used [0x00000000f4f00000,0x00000000f4f00000,0x00000000f9100000)
 ParOldGen       total 222208K, used 52175K [0x00000000a0000000, 0x00000000ad900000, 0x00000000e0000000)
  object space 222208K, 23% used [0x00000000a0000000,0x00000000a32f3e78,0x00000000ad900000)
 Metaspace       used 80398K, capacity 84006K, committed 84608K, reserved 1122304K
  class space    used 10156K, capacity 10970K, committed 11136K, reserved 1048576K
}

